â¯ ./configure --prefix=/opt/apr-util --with-apr=/opt/apr --with-iconv=/opt/apr-iconv --with-expat=/opt/expat 2>../configure.log 1>&2
checking build system type... x86_64-pc-linux-gnu
checking host system type... x86_64-pc-linux-gnu
checking target system type... x86_64-pc-linux-gnu
checking for a BSD-compatible install... /usr/bin/install -c
checking for working mkdir -p... yes
APR-util Version: 1.6.1
checking for chosen layout... apr-util
checking for gcc... gcc
checking whether the C compiler works... yes
checking for C compiler default output file name... a.out
checking for suffix of executables... 
checking whether we are cross compiling... no
checking for suffix of object files... o
checking whether we are using the GNU C compiler... yes
checking whether gcc accepts -g... yes
checking for gcc option to accept ISO C89... none needed
Applying apr-util hints file rules for x86_64-pc-linux-gnu
checking for APR... yes
  setting CPP to "gcc -E"
  adding "-pthread" to CFLAGS
  setting CPPFLAGS to " -DLINUX -D_REENTRANT -D_GNU_SOURCE"
checking how to run the C preprocessor... gcc -E
checking for grep that handles long lines and -e... /usr/bin/grep
checking for egrep... /usr/bin/grep -E
checking for ANSI C header files... yes
checking for sys/types.h... yes
checking for sys/stat.h... yes
checking for stdlib.h... yes
checking for string.h... yes
checking for memory.h... yes
checking for strings.h... yes
checking for inttypes.h... yes
checking for stdint.h... yes
checking for unistd.h... yes
checking for ldap support...
checking for default DBM... sdbm (default)
checking for pg_config... no
checking libpq-fe.h usability... no
checking libpq-fe.h presence... no
checking for libpq-fe.h... no
checking postgresql/libpq-fe.h usability... no
checking postgresql/libpq-fe.h presence... no
checking for postgresql/libpq-fe.h... no
checking sqlite3.h usability... no
checking sqlite3.h presence... no
checking for sqlite3.h... no
checking sqlite.h usability... no
checking sqlite.h presence... no
checking for sqlite.h... no
checking for odbc_config... no
checking sql.h usability... no
checking sql.h presence... no
checking for sql.h... no
checking odbc/sql.h usability... no
checking odbc/sql.h presence... no
checking for odbc/sql.h... no
  setting LDFLAGS to "-L/opt/expat/lib"
  adding "-I/opt/expat/include" to CPPFLAGS
  setting APRUTIL_INCLUDES to "-I/opt/expat/include"
  setting APRUTIL_LDFLAGS to "-L/opt/expat/lib"
checking Expat 1.95.x... yes
  setting APRUTIL_EXPORT_LIBS to "-lexpat"
  setting APRUTIL_LIBS to "-lexpat"
  adding "-I/opt/apr-iconv/include/apr-1" to APRUTIL_INCLUDES
  adding "/opt/apr-iconv/lib/libapriconv-1.la" to APRUTIL_LIBS
using apr-iconv
  adding "-I/opt/apr-iconv/include" to APRUTIL_INCLUDES
  adding "-L/opt/apr-iconv/lib" to APRUTIL_LDFLAGS
checking iconv.h usability... yes
checking iconv.h presence... yes
checking for iconv.h... yes
checking langinfo.h usability... yes
checking langinfo.h presence... yes
checking for langinfo.h... yes
checking for nl_langinfo... yes
checking for CODESET in langinfo.h... yes
checking whether APR has DSO support... yes
checking for library containing crypt... -lcrypt
checking if system crypt() function is threadsafe... no
checking for crypt_r... yes
checking style of crypt_r... struct_crypt_data
checking whether the compiler handles weak symbols... yes
checking for memset_s support... no
checking for explicit_bzero support... yes
  adding "/opt/apr/lib/libapr-1.la" to APRUTIL_LIBS
  adding "-lrt" to APRUTIL_LIBS
  adding "-lcrypt" to APRUTIL_LIBS
  adding "-lpthread" to APRUTIL_LIBS
  adding "-ldl" to APRUTIL_LIBS
configure: creating ./config.status
config.status: creating Makefile
config.status: creating export_vars.sh
config.status: creating build/pkg/pkginfo
config.status: creating apr-util.pc
config.status: creating apu-1-config
config.status: creating include/private/apu_select_dbm.h
config.status: creating include/apr_ldap.h
config.status: creating include/apu.h
config.status: creating include/apu_want.h
config.status: creating test/Makefile
config.status: creating include/private/apu_config.h
config.status: executing default commands
