â¯ make install 2>../make_install.log 1>&2
make[1]: Entering directory '/opt/apr-util/archive/source/apr-util-1.6.1'
make[1]: Nothing to be done for 'local-all'.
make[1]: Leaving directory '/opt/apr-util/archive/source/apr-util-1.6.1'
/opt/apr/build-1/mkdir.sh /opt/apr-util/include/apr-1 /opt/apr-util/lib/pkgconfig \
	     /opt/apr-util/lib /opt/apr-util/bin
for f in /opt/apr-util/archive/source/apr-util-1.6.1/include/*.h /opt/apr-util/archive/source/apr-util-1.6.1/include/*.h; do \
	/usr/bin/install -c -m 644 ${f} /opt/apr-util/include/apr-1; \
done
/usr/bin/install -c -m 644 apr-util.pc /opt/apr-util/lib/pkgconfig/apr-util-1.pc
list=''; for i in $list; do \
	( cd $i ; make DESTDIR= install ); \
done
/bin/bash /opt/apr/build-1/libtool --mode=install /usr/bin/install -c -m 755 libaprutil-1.la /opt/apr-util/lib
libtool: install: /usr/bin/install -c -m 755 .libs/libaprutil-1.so.0.6.1 /opt/apr-util/lib/libaprutil-1.so.0.6.1
libtool: install: (cd /opt/apr-util/lib && { ln -s -f libaprutil-1.so.0.6.1 libaprutil-1.so.0 || { rm -f libaprutil-1.so.0 && ln -s libaprutil-1.so.0.6.1 libaprutil-1.so.0; }; })
libtool: install: (cd /opt/apr-util/lib && { ln -s -f libaprutil-1.so.0.6.1 libaprutil-1.so || { rm -f libaprutil-1.so && ln -s libaprutil-1.so.0.6.1 libaprutil-1.so; }; })
libtool: install: /usr/bin/install -c -m 755 .libs/libaprutil-1.lai /opt/apr-util/lib/libaprutil-1.la
libtool: install: /usr/bin/install -c -m 755 .libs/libaprutil-1.a /opt/apr-util/lib/libaprutil-1.a
libtool: install: chmod 644 /opt/apr-util/lib/libaprutil-1.a
libtool: install: ranlib /opt/apr-util/lib/libaprutil-1.a
libtool: finish: PATH="/opt/shadowsocks/bin:/opt/openssl/bin:/opt/expat/bin:/opt/asciidoc/bin:/opt/apr-iconv/bin:/opt/apr/bin:/root/.local/bin:/usr/games:/usr/local/bin:/usr/local/sbin:/usr/sbin:/usr/bin:/sbin:/bin:/sbin" ldconfig -n /opt/apr-util/lib
----------------------------------------------------------------------
Libraries have been installed in:
   /opt/apr-util/lib

If you ever happen to want to link against installed libraries
in a given directory, LIBDIR, you must either use libtool, and
specify the full pathname of the library, or use the '-LLIBDIR'
flag during linking and do at least one of the following:
   - add LIBDIR to the 'LD_LIBRARY_PATH' environment variable
     during execution
   - add LIBDIR to the 'LD_RUN_PATH' environment variable
     during linking
   - use the '-Wl,-rpath -Wl,LIBDIR' linker flag
   - have your system administrator add LIBDIR to '/etc/ld.so.conf'

See any operating system documentation about shared libraries for
more information, such as the ld(1) and ld.so(8) manual pages.
----------------------------------------------------------------------
/usr/bin/install -c -m 644 aprutil.exp /opt/apr-util/lib
/usr/bin/install -c -m 755 apu-config.out /opt/apr-util/bin/apu-1-config
